<?xml version="1.0" encoding="UTF-8"?>
<testng-results skipped="0" failed="0" total="1" passed="1">
  <reporter-output>
  </reporter-output>
  <suite name="Default suite" duration-ms="50" started-at="2017-11-08T13:57:28Z" finished-at="2017-11-08T13:57:28Z">
    <groups>
    </groups>
    <test name="Default test" duration-ms="50" started-at="2017-11-08T13:57:28Z" finished-at="2017-11-08T13:57:28Z">
      <class name="in.demo.auto.Test1">
        <test-method status="PASS" signature="m()[pri:0, instance:in.demo.auto.Test1@50c87b21]" name="m" duration-ms="25" started-at="2017-11-08T19:27:28Z" finished-at="2017-11-08T19:27:28Z">
          <reporter-output>
          </reporter-output>
        </test-method> <!-- m -->
      </class> <!-- in.demo.auto.Test1 -->
    </test> <!-- Default test -->
  </suite> <!-- Default suite -->
</testng-results>
